2019-04-15 19:09:38  [ main:0 ] - [ DEBUG ]  SpringJUnit4ClassRunner constructor called with [class com.imooc.spr_trans.SpringDemo].
2019-04-15 19:09:38  [ main:196 ] - [ DEBUG ]  Delegating to GenericXmlContextLoader to process context configuration [ContextConfigurationAttributes@6e3c1e69 declaringClass = 'com.imooc.spr_trans.SpringDemo', locations = '{classpath:applicationContext.xml}', classes = '{}', inheritLocations = true, initializers = '{}', inheritInitializers = true, contextLoaderClass = 'org.springframework.test.context.ContextLoader'].
2019-04-15 19:09:38  [ main:203 ] - [ DEBUG ]  Could not find an 'annotation declaring class' for annotation type [org.springframework.test.context.ActiveProfiles] and class [com.imooc.spr_trans.SpringDemo]
2019-04-15 19:09:38  [ main:208 ] - [ DEBUG ]  @TestExecutionListeners is not present for class [class com.imooc.spr_trans.SpringDemo]: using defaults.
2019-04-15 19:09:38  [ main:219 ] - [ DEBUG ]  Could not instantiate default TestExecutionListener class [org.springframework.test.context.web.ServletTestExecutionListener]. Specify custom listener classes or make the default listener classes available.
2019-04-15 19:09:38  [ main:247 ] - [ DEBUG ]  Retrieved @ProfileValueSourceConfiguration [null] for test class [com.imooc.spr_trans.SpringDemo]
2019-04-15 19:09:38  [ main:248 ] - [ DEBUG ]  Retrieved ProfileValueSource type [class org.springframework.test.annotation.SystemProfileValueSource] for class [com.imooc.spr_trans.SpringDemo]
2019-04-15 19:09:38  [ main:280 ] - [ DEBUG ]  Retrieved @ProfileValueSourceConfiguration [null] for test class [com.imooc.spr_trans.SpringDemo]
2019-04-15 19:09:38  [ main:281 ] - [ DEBUG ]  Retrieved ProfileValueSource type [class org.springframework.test.annotation.SystemProfileValueSource] for class [com.imooc.spr_trans.SpringDemo]
2019-04-15 19:09:38  [ main:284 ] - [ DEBUG ]  Retrieved @ProfileValueSourceConfiguration [null] for test class [com.imooc.spr_trans.SpringDemo]
2019-04-15 19:09:38  [ main:285 ] - [ DEBUG ]  Retrieved ProfileValueSource type [class org.springframework.test.annotation.SystemProfileValueSource] for class [com.imooc.spr_trans.SpringDemo]
2019-04-15 19:09:38  [ main:288 ] - [ DEBUG ]  Retrieved @ProfileValueSourceConfiguration [null] for test class [com.imooc.spr_trans.SpringDemo]
2019-04-15 19:09:38  [ main:289 ] - [ DEBUG ]  Retrieved ProfileValueSource type [class org.springframework.test.annotation.SystemProfileValueSource] for class [com.imooc.spr_trans.SpringDemo]
2019-04-15 19:09:38  [ main:296 ] - [ DEBUG ]  Retrieved @ProfileValueSourceConfiguration [null] for test class [com.imooc.spr_trans.SpringDemo]
2019-04-15 19:09:38  [ main:297 ] - [ DEBUG ]  Retrieved ProfileValueSource type [class org.springframework.test.annotation.SystemProfileValueSource] for class [com.imooc.spr_trans.SpringDemo]
2019-04-15 19:09:38  [ main:301 ] - [ DEBUG ]  Performing dependency injection for test context [[TestContext@17550481 testClass = SpringDemo, testInstance = com.imooc.spr_trans.SpringDemo@735f7ae5, testMethod = [null], testException = [null], mergedContextConfiguration = [MergedContextConfiguration@180bc464 testClass = SpringDemo, locations = '{classpath:applicationContext.xml}', classes = '{}', contextInitializerClasses = '[]', activeProfiles = '{}', contextLoader = 'org.springframework.test.context.support.DelegatingSmartContextLoader']]].
2019-04-15 19:09:38  [ main:302 ] - [ DEBUG ]  Delegating to GenericXmlContextLoader to load context from [MergedContextConfiguration@180bc464 testClass = SpringDemo, locations = '{classpath:applicationContext.xml}', classes = '{}', contextInitializerClasses = '[]', activeProfiles = '{}', contextLoader = 'org.springframework.test.context.support.DelegatingSmartContextLoader'].
2019-04-15 19:09:38  [ main:303 ] - [ DEBUG ]  Loading ApplicationContext for merged context configuration [[MergedContextConfiguration@180bc464 testClass = SpringDemo, locations = '{classpath:applicationContext.xml}', classes = '{}', contextInitializerClasses = '[]', activeProfiles = '{}', contextLoader = 'org.springframework.test.context.support.DelegatingSmartContextLoader']].
2019-04-15 19:09:38  [ main:590 ] - [ DEBUG ]  Initializing new StandardEnvironment
2019-04-15 19:09:38  [ main:592 ] - [ DEBUG ]  Adding [systemProperties] PropertySource with lowest search precedence
2019-04-15 19:09:38  [ main:594 ] - [ DEBUG ]  Adding [systemEnvironment] PropertySource with lowest search precedence
2019-04-15 19:09:38  [ main:595 ] - [ DEBUG ]  Initialized StandardEnvironment with PropertySources [systemProperties,systemEnvironment]
2019-04-15 19:09:38  [ main:603 ] - [ DEBUG ]  Initializing new StandardEnvironment
2019-04-15 19:09:38  [ main:603 ] - [ DEBUG ]  Adding [systemProperties] PropertySource with lowest search precedence
2019-04-15 19:09:38  [ main:604 ] - [ DEBUG ]  Adding [systemEnvironment] PropertySource with lowest search precedence
2019-04-15 19:09:38  [ main:604 ] - [ DEBUG ]  Initialized StandardEnvironment with PropertySources [systemProperties,systemEnvironment]
2019-04-15 19:09:38  [ main:617 ] - [ INFO ]  Loading XML bean definitions from class path resource [applicationContext.xml]
2019-04-15 19:09:38  [ main:663 ] - [ DEBUG ]  Using JAXP provider [com.sun.org.apache.xerces.internal.jaxp.DocumentBuilderFactoryImpl]
2019-04-15 19:09:38  [ main:728 ] - [ DEBUG ]  Loading schema mappings from [META-INF/spring.schemas]
2019-04-15 19:09:38  [ main:735 ] - [ DEBUG ]  Loaded schema mappings: {http://www.springframework.org/schema/util/spring-util.xsd=org/springframework/beans/factory/xml/spring-util-3.2.xsd, http://www.springframework.org/schema/jee/spring-jee-3.2.xsd=org/springframework/ejb/config/spring-jee-3.2.xsd, http://www.springframework.org/schema/task/spring-task.xsd=org/springframework/scheduling/config/spring-task-3.2.xsd, http://www.springframework.org/schema/beans/spring-beans-3.1.xsd=org/springframework/beans/factory/xml/spring-beans-3.1.xsd, http://www.springframework.org/schema/cache/spring-cache.xsd=org/springframework/cache/config/spring-cache-3.2.xsd, http://www.springframework.org/schema/aop/spring-aop-3.0.xsd=org/springframework/aop/config/spring-aop-3.0.xsd, http://www.springframework.org/schema/aop/spring-aop-2.0.xsd=org/springframework/aop/config/spring-aop-2.0.xsd, http://www.springframework.org/schema/task/spring-task-3.1.xsd=org/springframework/scheduling/config/spring-task-3.1.xsd, http://www.springframework.org/schema/tool/spring-tool-2.5.xsd=org/springframework/beans/factory/xml/spring-tool-2.5.xsd, http://www.springframework.org/schema/beans/spring-beans.xsd=org/springframework/beans/factory/xml/spring-beans-3.2.xsd, http://www.springframework.org/schema/jee/spring-jee-2.5.xsd=org/springframework/ejb/config/spring-jee-2.5.xsd, http://www.springframework.org/schema/jdbc/spring-jdbc-3.1.xsd=org/springframework/jdbc/config/spring-jdbc-3.1.xsd, http://www.springframework.org/schema/tool/spring-tool-3.1.xsd=org/springframework/beans/factory/xml/spring-tool-3.1.xsd, http://www.springframework.org/schema/aop/spring-aop.xsd=org/springframework/aop/config/spring-aop-3.2.xsd, http://www.springframework.org/schema/jee/spring-jee-3.1.xsd=org/springframework/ejb/config/spring-jee-3.1.xsd, http://www.springframework.org/schema/tx/spring-tx-3.2.xsd=org/springframework/transaction/config/spring-tx-3.2.xsd, http://www.springframework.org/schema/context/spring-context-3.2.xsd=org/springframework/context/config/spring-context-3.2.xsd, http://www.springframework.org/schema/beans/spring-beans-2.0.xsd=org/springframework/beans/factory/xml/spring-beans-2.0.xsd, http://www.springframework.org/schema/util/spring-util-3.2.xsd=org/springframework/beans/factory/xml/spring-util-3.2.xsd, http://www.springframework.org/schema/lang/spring-lang-3.2.xsd=org/springframework/scripting/config/spring-lang-3.2.xsd, http://www.springframework.org/schema/beans/spring-beans-3.0.xsd=org/springframework/beans/factory/xml/spring-beans-3.0.xsd, http://www.springframework.org/schema/cache/spring-cache-3.2.xsd=org/springframework/cache/config/spring-cache-3.2.xsd, http://www.springframework.org/schema/task/spring-task-3.0.xsd=org/springframework/scheduling/config/spring-task-3.0.xsd, http://www.springframework.org/schema/tx/spring-tx-2.5.xsd=org/springframework/transaction/config/spring-tx-2.5.xsd, http://www.springframework.org/schema/context/spring-context-2.5.xsd=org/springframework/context/config/spring-context-2.5.xsd, http://www.springframework.org/schema/jdbc/spring-jdbc-3.0.xsd=org/springframework/jdbc/config/spring-jdbc-3.0.xsd, http://www.springframework.org/schema/tool/spring-tool-3.0.xsd=org/springframework/beans/factory/xml/spring-tool-3.0.xsd, http://www.springframework.org/schema/tx/spring-tx.xsd=org/springframework/transaction/config/spring-tx-3.2.xsd, http://www.springframework.org/schema/tool/spring-tool-2.0.xsd=org/springframework/beans/factory/xml/spring-tool-2.0.xsd, http://www.springframework.org/schema/util/spring-util-2.5.xsd=org/springframework/beans/factory/xml/spring-util-2.5.xsd, http://www.springframework.org/schema/lang/spring-lang.xsd=org/springframework/scripting/config/spring-lang-3.2.xsd, http://www.springframework.org/schema/lang/spring-lang-2.5.xsd=org/springframework/scripting/config/spring-lang-2.5.xsd, http://www.springframework.org/schema/aop/spring-aop-3.2.xsd=org/springframework/aop/config/spring-aop-3.2.xsd, http://www.springframework.org/schema/jee/spring-jee-3.0.xsd=org/springframework/ejb/config/spring-jee-3.0.xsd, http://www.springframework.org/schema/tx/spring-tx-3.1.xsd=org/springframework/transaction/config/spring-tx-3.1.xsd, http://www.springframework.org/schema/jee/spring-jee-2.0.xsd=org/springframework/ejb/config/spring-jee-2.0.xsd, http://www.springframework.org/schema/context/spring-context-3.1.xsd=org/springframework/context/config/spring-context-3.1.xsd, http://www.springframework.org/schema/util/spring-util-3.1.xsd=org/springframework/beans/factory/xml/spring-util-3.1.xsd, http://www.springframework.org/schema/lang/spring-lang-3.1.xsd=org/springframework/scripting/config/spring-lang-3.1.xsd, http://www.springframework.org/schema/cache/spring-cache-3.1.xsd=org/springframework/cache/config/spring-cache-3.1.xsd, http://www.springframework.org/schema/context/spring-context.xsd=org/springframework/context/config/spring-context-3.2.xsd, http://www.springframework.org/schema/jee/spring-jee.xsd=org/springframework/ejb/config/spring-jee-3.2.xsd, http://www.springframework.org/schema/aop/spring-aop-2.5.xsd=org/springframework/aop/config/spring-aop-2.5.xsd, http://www.springframework.org/schema/jdbc/spring-jdbc.xsd=org/springframework/jdbc/config/spring-jdbc-3.2.xsd, http://www.springframework.org/schema/beans/spring-beans-3.2.xsd=org/springframework/beans/factory/xml/spring-beans-3.2.xsd, http://www.springframework.org/schema/aop/spring-aop-3.1.xsd=org/springframework/aop/config/spring-aop-3.1.xsd, http://www.springframework.org/schema/tx/spring-tx-2.0.xsd=org/springframework/transaction/config/spring-tx-2.0.xsd, http://www.springframework.org/schema/task/spring-task-3.2.xsd=org/springframework/scheduling/config/spring-task-3.2.xsd, http://www.springframework.org/schema/tx/spring-tx-3.0.xsd=org/springframework/transaction/config/spring-tx-3.0.xsd, http://www.springframework.org/schema/context/spring-context-3.0.xsd=org/springframework/context/config/spring-context-3.0.xsd, http://www.springframework.org/schema/tool/spring-tool.xsd=org/springframework/beans/factory/xml/spring-tool-3.2.xsd, http://www.springframework.org/schema/util/spring-util-3.0.xsd=org/springframework/beans/factory/xml/spring-util-3.0.xsd, http://www.springframework.org/schema/lang/spring-lang-3.0.xsd=org/springframework/scripting/config/spring-lang-3.0.xsd, http://www.springframework.org/schema/util/spring-util-2.0.xsd=org/springframework/beans/factory/xml/spring-util-2.0.xsd, http://www.springframework.org/schema/lang/spring-lang-2.0.xsd=org/springframework/scripting/config/spring-lang-2.0.xsd, http://www.springframework.org/schema/jdbc/spring-jdbc-3.2.xsd=org/springframework/jdbc/config/spring-jdbc-3.2.xsd, http://www.springframework.org/schema/tool/spring-tool-3.2.xsd=org/springframework/beans/factory/xml/spring-tool-3.2.xsd, http://www.springframework.org/schema/beans/spring-beans-2.5.xsd=org/springframework/beans/factory/xml/spring-beans-2.5.xsd}
2019-04-15 19:09:38  [ main:738 ] - [ DEBUG ]  Found XML schema [http://www.springframework.org/schema/beans/spring-beans.xsd] in classpath: org/springframework/beans/factory/xml/spring-beans-3.2.xsd
2019-04-15 19:09:38  [ main:846 ] - [ DEBUG ]  Found XML schema [http://www.springframework.org/schema/context/spring-context.xsd] in classpath: org/springframework/context/config/spring-context-3.2.xsd
2019-04-15 19:09:39  [ main:877 ] - [ DEBUG ]  Found XML schema [http://www.springframework.org/schema/tool/spring-tool-3.2.xsd] in classpath: org/springframework/beans/factory/xml/spring-tool-3.2.xsd
2019-04-15 19:09:39  [ main:955 ] - [ DEBUG ]  Loading bean definitions
2019-04-15 19:09:39  [ main:994 ] - [ DEBUG ]  Loaded NamespaceHandler mappings: {http://www.springframework.org/schema/p=org.springframework.beans.factory.xml.SimplePropertyNamespaceHandler, http://www.springframework.org/schema/util=org.springframework.beans.factory.xml.UtilNamespaceHandler, http://www.springframework.org/schema/jee=org.springframework.ejb.config.JeeNamespaceHandler, http://www.springframework.org/schema/aop=org.springframework.aop.config.AopNamespaceHandler, http://www.springframework.org/schema/jdbc=org.springframework.jdbc.config.JdbcNamespaceHandler, http://www.springframework.org/schema/cache=org.springframework.cache.config.CacheNamespaceHandler, http://www.springframework.org/schema/c=org.springframework.beans.factory.xml.SimpleConstructorNamespaceHandler, http://www.springframework.org/schema/tx=org.springframework.transaction.config.TxNamespaceHandler, http://www.springframework.org/schema/task=org.springframework.scheduling.config.TaskNamespaceHandler, http://www.springframework.org/schema/lang=org.springframework.scripting.config.LangNamespaceHandler, http://www.springframework.org/schema/context=org.springframework.context.config.ContextNamespaceHandler}
2019-04-15 19:09:39  [ main:1061 ] - [ DEBUG ]  Loaded 6 bean definitions from location pattern [classpath:applicationContext.xml]
2019-04-15 19:09:39  [ main:1085 ] - [ INFO ]  Refreshing org.springframework.context.support.GenericApplicationContext@59e84876: startup date [Mon Apr 15 19:09:39 CST 2019]; root of context hierarchy
2019-04-15 19:09:39  [ main:1087 ] - [ DEBUG ]  Bean factory for org.springframework.context.support.GenericApplicationContext@59e84876: org.springframework.beans.factory.support.DefaultListableBeanFactory@3ecd23d9: defining beans [org.springframework.context.support.PropertySourcesPlaceholderConfigurer#0,dataSource,accountDao,accountService,dsTransactionManager,transactionTemplate,org.springframework.context.annotation.internalConfigurationAnnotationProcessor,org.springframework.context.annotation.internalAutowiredAnnotationProcessor,org.springframework.context.annotation.internalRequiredAnnotationProcessor,org.springframework.context.annotation.internalCommonAnnotationProcessor]; root of factory hierarchy
2019-04-15 19:09:39  [ main:1165 ] - [ DEBUG ]  Creating shared instance of singleton bean 'org.springframework.context.annotation.internalConfigurationAnnotationProcessor'
2019-04-15 19:09:39  [ main:1166 ] - [ DEBUG ]  Creating instance of bean 'org.springframework.context.annotation.internalConfigurationAnnotationProcessor'
2019-04-15 19:09:39  [ main:1230 ] - [ DEBUG ]  Eagerly caching bean 'org.springframework.context.annotation.internalConfigurationAnnotationProcessor' to allow for resolving potential circular references
2019-04-15 19:09:39  [ main:1235 ] - [ DEBUG ]  Finished creating instance of bean 'org.springframework.context.annotation.internalConfigurationAnnotationProcessor'
2019-04-15 19:09:39  [ main:1313 ] - [ DEBUG ]  Creating shared instance of singleton bean 'org.springframework.context.support.PropertySourcesPlaceholderConfigurer#0'
2019-04-15 19:09:39  [ main:1314 ] - [ DEBUG ]  Creating instance of bean 'org.springframework.context.support.PropertySourcesPlaceholderConfigurer#0'
2019-04-15 19:09:39  [ main:1324 ] - [ DEBUG ]  Eagerly caching bean 'org.springframework.context.support.PropertySourcesPlaceholderConfigurer#0' to allow for resolving potential circular references
2019-04-15 19:09:39  [ main:1397 ] - [ DEBUG ]  Finished creating instance of bean 'org.springframework.context.support.PropertySourcesPlaceholderConfigurer#0'
2019-04-15 19:09:39  [ main:1399 ] - [ DEBUG ]  Adding [environmentProperties] PropertySource with lowest search precedence
2019-04-15 19:09:39  [ main:1400 ] - [ INFO ]  Loading properties file from class path resource [jdbc.properties]
2019-04-15 19:09:39  [ main:1412 ] - [ DEBUG ]  Adding [localProperties] PropertySource with lowest search precedence
2019-04-15 19:09:39  [ main:1434 ] - [ DEBUG ]  Searching for key 'jdbc.driver' in [environmentProperties]
2019-04-15 19:09:39  [ main:1435 ] - [ DEBUG ]  Searching for key 'jdbc.driver' in [systemProperties]
2019-04-15 19:09:39  [ main:1436 ] - [ DEBUG ]  Searching for key 'jdbc.driver' in [systemEnvironment]
2019-04-15 19:09:39  [ main:1445 ] - [ DEBUG ]  Could not find key 'jdbc.driver' in any property source. Returning [null]
2019-04-15 19:09:39  [ main:1446 ] - [ DEBUG ]  Searching for key 'jdbc.driver' in [localProperties]
2019-04-15 19:09:39  [ main:1447 ] - [ DEBUG ]  Found key 'jdbc.driver' in [localProperties] with type [String] and value 'com.mysql.jdbc.Driver'
2019-04-15 19:09:39  [ main:1458 ] - [ DEBUG ]  Searching for key 'jdbc.url' in [environmentProperties]
2019-04-15 19:09:39  [ main:1468 ] - [ DEBUG ]  Searching for key 'jdbc.url' in [systemProperties]
2019-04-15 19:09:39  [ main:1472 ] - [ DEBUG ]  Searching for key 'jdbc.url' in [systemEnvironment]
2019-04-15 19:09:39  [ main:1473 ] - [ DEBUG ]  Could not find key 'jdbc.url' in any property source. Returning [null]
2019-04-15 19:09:39  [ main:1474 ] - [ DEBUG ]  Searching for key 'jdbc.url' in [localProperties]
2019-04-15 19:09:39  [ main:1475 ] - [ DEBUG ]  Found key 'jdbc.url' in [localProperties] with type [String] and value 'jdbc:mysql://localhost:3306/spring_transaction?useUnicode=true&amp;characterEncoding=utf-8'
2019-04-15 19:09:39  [ main:1478 ] - [ DEBUG ]  Searching for key 'jdbc.username' in [environmentProperties]
2019-04-15 19:09:39  [ main:1479 ] - [ DEBUG ]  Searching for key 'jdbc.username' in [systemProperties]
2019-04-15 19:09:39  [ main:1483 ] - [ DEBUG ]  Searching for key 'jdbc.username' in [systemEnvironment]
2019-04-15 19:09:39  [ main:1484 ] - [ DEBUG ]  Could not find key 'jdbc.username' in any property source. Returning [null]
2019-04-15 19:09:39  [ main:1486 ] - [ DEBUG ]  Searching for key 'jdbc.username' in [localProperties]
2019-04-15 19:09:39  [ main:1487 ] - [ DEBUG ]  Found key 'jdbc.username' in [localProperties] with type [String] and value 'root'
2019-04-15 19:09:39  [ main:1489 ] - [ DEBUG ]  Searching for key 'jdbc.password' in [environmentProperties]
2019-04-15 19:09:39  [ main:1491 ] - [ DEBUG ]  Searching for key 'jdbc.password' in [systemProperties]
2019-04-15 19:09:39  [ main:1491 ] - [ DEBUG ]  Searching for key 'jdbc.password' in [systemEnvironment]
2019-04-15 19:09:39  [ main:1494 ] - [ DEBUG ]  Could not find key 'jdbc.password' in any property source. Returning [null]
2019-04-15 19:09:39  [ main:1495 ] - [ DEBUG ]  Searching for key 'jdbc.password' in [localProperties]
2019-04-15 19:09:39  [ main:1496 ] - [ DEBUG ]  Found key 'jdbc.password' in [localProperties] with type [String] and value '123456'
2019-04-15 19:09:39  [ main:1507 ] - [ DEBUG ]  Creating shared instance of singleton bean 'org.springframework.context.annotation.internalAutowiredAnnotationProcessor'
2019-04-15 19:09:39  [ main:1508 ] - [ DEBUG ]  Creating instance of bean 'org.springframework.context.annotation.internalAutowiredAnnotationProcessor'
2019-04-15 19:09:39  [ main:1509 ] - [ DEBUG ]  Eagerly caching bean 'org.springframework.context.annotation.internalAutowiredAnnotationProcessor' to allow for resolving potential circular references
2019-04-15 19:09:39  [ main:1510 ] - [ DEBUG ]  Finished creating instance of bean 'org.springframework.context.annotation.internalAutowiredAnnotationProcessor'
2019-04-15 19:09:39  [ main:1510 ] - [ DEBUG ]  Creating shared instance of singleton bean 'org.springframework.context.annotation.internalRequiredAnnotationProcessor'
2019-04-15 19:09:39  [ main:1511 ] - [ DEBUG ]  Creating instance of bean 'org.springframework.context.annotation.internalRequiredAnnotationProcessor'
2019-04-15 19:09:39  [ main:1512 ] - [ DEBUG ]  Eagerly caching bean 'org.springframework.context.annotation.internalRequiredAnnotationProcessor' to allow for resolving potential circular references
2019-04-15 19:09:39  [ main:1513 ] - [ DEBUG ]  Finished creating instance of bean 'org.springframework.context.annotation.internalRequiredAnnotationProcessor'
2019-04-15 19:09:39  [ main:1514 ] - [ DEBUG ]  Creating shared instance of singleton bean 'org.springframework.context.annotation.internalCommonAnnotationProcessor'
2019-04-15 19:09:39  [ main:1516 ] - [ DEBUG ]  Creating instance of bean 'org.springframework.context.annotation.internalCommonAnnotationProcessor'
2019-04-15 19:09:39  [ main:1544 ] - [ DEBUG ]  Eagerly caching bean 'org.springframework.context.annotation.internalCommonAnnotationProcessor' to allow for resolving potential circular references
2019-04-15 19:09:39  [ main:1546 ] - [ DEBUG ]  Finished creating instance of bean 'org.springframework.context.annotation.internalCommonAnnotationProcessor'
2019-04-15 19:09:39  [ main:1547 ] - [ DEBUG ]  Creating shared instance of singleton bean 'org.springframework.context.annotation.ConfigurationClassPostProcessor.importAwareProcessor'
2019-04-15 19:09:39  [ main:1548 ] - [ DEBUG ]  Creating instance of bean 'org.springframework.context.annotation.ConfigurationClassPostProcessor.importAwareProcessor'
2019-04-15 19:09:39  [ main:1549 ] - [ DEBUG ]  Eagerly caching bean 'org.springframework.context.annotation.ConfigurationClassPostProcessor.importAwareProcessor' to allow for resolving potential circular references
2019-04-15 19:09:39  [ main:1560 ] - [ DEBUG ]  Finished creating instance of bean 'org.springframework.context.annotation.ConfigurationClassPostProcessor.importAwareProcessor'
2019-04-15 19:09:39  [ main:1618 ] - [ DEBUG ]  Unable to locate MessageSource with name 'messageSource': using default [org.springframework.context.support.DelegatingMessageSource@358c99f5]
2019-04-15 19:09:39  [ main:1627 ] - [ DEBUG ]  Unable to locate ApplicationEventMulticaster with name 'applicationEventMulticaster': using default [org.springframework.context.event.SimpleApplicationEventMulticaster@55a561cf]
2019-04-15 19:09:39  [ main:1635 ] - [ INFO ]  Pre-instantiating singletons in org.springframework.beans.factory.support.DefaultListableBeanFactory@3ecd23d9: defining beans [org.springframework.context.support.PropertySourcesPlaceholderConfigurer#0,dataSource,accountDao,accountService,dsTransactionManager,transactionTemplate,org.springframework.context.annotation.internalConfigurationAnnotationProcessor,org.springframework.context.annotation.internalAutowiredAnnotationProcessor,org.springframework.context.annotation.internalRequiredAnnotationProcessor,org.springframework.context.annotation.internalCommonAnnotationProcessor,org.springframework.context.annotation.ConfigurationClassPostProcessor.importAwareProcessor]; root of factory hierarchy
2019-04-15 19:09:39  [ main:1636 ] - [ DEBUG ]  Returning cached instance of singleton bean 'org.springframework.context.support.PropertySourcesPlaceholderConfigurer#0'
2019-04-15 19:09:39  [ main:1637 ] - [ DEBUG ]  Creating shared instance of singleton bean 'dataSource'
2019-04-15 19:09:39  [ main:1641 ] - [ DEBUG ]  Creating instance of bean 'dataSource'
2019-04-15 19:09:39  [ main:1688 ] - [ INFO ]  MLog clients using log4j logging.
2019-04-15 19:09:45  [ main:6939 ] - [ INFO ]  Initializing c3p0-0.9.1.2 [built 21-May-2007 15:04:56; debug? true; trace: 10]
2019-04-15 19:09:45  [ main:6989 ] - [ DEBUG ]  MBean: com.mchange.v2.c3p0:type=PooledDataSource[1hge2jya292imi91obraud|14d3bc22] registered.
2019-04-15 19:09:45  [ main:7028 ] - [ DEBUG ]  Eagerly caching bean 'dataSource' to allow for resolving potential circular references
2019-04-15 19:09:45  [ main:7088 ] - [ DEBUG ]  Finished creating instance of bean 'dataSource'
2019-04-15 19:09:45  [ main:7088 ] - [ DEBUG ]  Creating shared instance of singleton bean 'accountDao'
2019-04-15 19:09:45  [ main:7089 ] - [ DEBUG ]  Creating instance of bean 'accountDao'
2019-04-15 19:09:45  [ main:7104 ] - [ DEBUG ]  Eagerly caching bean 'accountDao' to allow for resolving potential circular references
2019-04-15 19:09:45  [ main:7109 ] - [ DEBUG ]  Returning cached instance of singleton bean 'dataSource'
2019-04-15 19:09:45  [ main:7117 ] - [ DEBUG ]  Invoking afterPropertiesSet() on bean with name 'accountDao'
2019-04-15 19:09:45  [ main:7118 ] - [ DEBUG ]  Finished creating instance of bean 'accountDao'
2019-04-15 19:09:45  [ main:7119 ] - [ DEBUG ]  Creating shared instance of singleton bean 'accountService'
2019-04-15 19:09:45  [ main:7119 ] - [ DEBUG ]  Creating instance of bean 'accountService'
2019-04-15 19:09:45  [ main:7121 ] - [ DEBUG ]  Eagerly caching bean 'accountService' to allow for resolving potential circular references
2019-04-15 19:09:45  [ main:7124 ] - [ DEBUG ]  Returning cached instance of singleton bean 'accountDao'
2019-04-15 19:09:45  [ main:7125 ] - [ DEBUG ]  Creating shared instance of singleton bean 'transactionTemplate'
2019-04-15 19:09:45  [ main:7126 ] - [ DEBUG ]  Creating instance of bean 'transactionTemplate'
2019-04-15 19:09:45  [ main:7129 ] - [ DEBUG ]  Eagerly caching bean 'transactionTemplate' to allow for resolving potential circular references
2019-04-15 19:09:45  [ main:7136 ] - [ DEBUG ]  Creating shared instance of singleton bean 'dsTransactionManager'
2019-04-15 19:09:45  [ main:7137 ] - [ DEBUG ]  Creating instance of bean 'dsTransactionManager'
2019-04-15 19:09:45  [ main:7148 ] - [ DEBUG ]  Eagerly caching bean 'dsTransactionManager' to allow for resolving potential circular references
2019-04-15 19:09:45  [ main:7155 ] - [ DEBUG ]  Returning cached instance of singleton bean 'dataSource'
2019-04-15 19:09:45  [ main:7184 ] - [ DEBUG ]  Invoking afterPropertiesSet() on bean with name 'dsTransactionManager'
2019-04-15 19:09:45  [ main:7185 ] - [ DEBUG ]  Finished creating instance of bean 'dsTransactionManager'
2019-04-15 19:09:45  [ main:7186 ] - [ DEBUG ]  Invoking afterPropertiesSet() on bean with name 'transactionTemplate'
2019-04-15 19:09:45  [ main:7186 ] - [ DEBUG ]  Finished creating instance of bean 'transactionTemplate'
2019-04-15 19:09:45  [ main:7187 ] - [ DEBUG ]  Finished creating instance of bean 'accountService'
2019-04-15 19:09:45  [ main:7190 ] - [ DEBUG ]  Returning cached instance of singleton bean 'dsTransactionManager'
2019-04-15 19:09:45  [ main:7192 ] - [ DEBUG ]  Returning cached instance of singleton bean 'transactionTemplate'
2019-04-15 19:09:45  [ main:7193 ] - [ DEBUG ]  Returning cached instance of singleton bean 'org.springframework.context.annotation.internalConfigurationAnnotationProcessor'
2019-04-15 19:09:45  [ main:7195 ] - [ DEBUG ]  Returning cached instance of singleton bean 'org.springframework.context.annotation.internalAutowiredAnnotationProcessor'
2019-04-15 19:09:45  [ main:7195 ] - [ DEBUG ]  Returning cached instance of singleton bean 'org.springframework.context.annotation.internalRequiredAnnotationProcessor'
2019-04-15 19:09:45  [ main:7209 ] - [ DEBUG ]  Returning cached instance of singleton bean 'org.springframework.context.annotation.internalCommonAnnotationProcessor'
2019-04-15 19:09:45  [ main:7210 ] - [ DEBUG ]  Returning cached instance of singleton bean 'org.springframework.context.annotation.ConfigurationClassPostProcessor.importAwareProcessor'
2019-04-15 19:09:45  [ main:7218 ] - [ DEBUG ]  Unable to locate LifecycleProcessor with name 'lifecycleProcessor': using default [org.springframework.context.support.DefaultLifecycleProcessor@2b662a77]
2019-04-15 19:09:45  [ main:7219 ] - [ DEBUG ]  Returning cached instance of singleton bean 'lifecycleProcessor'
2019-04-15 19:09:45  [ main:7223 ] - [ DEBUG ]  Searching for key 'spring.liveBeansView.mbeanDomain' in [systemProperties]
2019-04-15 19:09:45  [ main:7224 ] - [ DEBUG ]  Searching for key 'spring.liveBeansView.mbeanDomain' in [systemEnvironment]
2019-04-15 19:09:45  [ main:7225 ] - [ DEBUG ]  Could not find key 'spring.liveBeansView.mbeanDomain' in any property source. Returning [null]
2019-04-15 19:09:45  [ main:7226 ] - [ DEBUG ]  Storing ApplicationContext for test class [class com.imooc.spr_trans.SpringDemo] in cache under key [[MergedContextConfiguration@180bc464 testClass = SpringDemo, locations = '{classpath:applicationContext.xml}', classes = '{}', contextInitializerClasses = '[]', activeProfiles = '{}', contextLoader = 'org.springframework.test.context.support.DelegatingSmartContextLoader']].
2019-04-15 19:09:45  [ main:7237 ] - [ DEBUG ]  Processing injected method of bean 'com.imooc.spr_trans.SpringDemo': AutowiredFieldElement for private com.imooc.spr_trans.service.AccountService com.imooc.spr_trans.SpringDemo.accountService
2019-04-15 19:09:45  [ main:7245 ] - [ DEBUG ]  Returning cached instance of singleton bean 'accountService'
2019-04-15 19:09:45  [ main:7246 ] - [ DEBUG ]  Autowiring by type from bean name 'com.imooc.spr_trans.SpringDemo' to bean named 'accountService'
2019-04-15 19:09:45  [ main:7284 ] - [ DEBUG ]  Creating new transaction with name [null]: PROPAGATION_REQUIRED,ISOLATION_DEFAULT
2019-04-15 19:09:45  [ main:7402 ] - [ DEBUG ]  incremented pending_acquires: 1
2019-04-15 19:09:45  [ main:7403 ] - [ DEBUG ]  incremented pending_acquires: 2
2019-04-15 19:09:45  [ main:7404 ] - [ DEBUG ]  incremented pending_acquires: 3
2019-04-15 19:09:45  [ main:7405 ] - [ DEBUG ]  com.mchange.v2.resourcepool.BasicResourcePool@44c03695 config: [start -> 3; min -> 3; max -> 15; inc -> 3; num_acq_attempts -> 30; acq_attempt_delay -> 1000; check_idle_resources_delay -> 0; mox_resource_age -> 0; max_idle_time -> 0; excess_max_idle_time -> 0; destroy_unreturned_resc_time -> 0; expiration_enforcement_delay -> 0; break_on_acquisition_failure -> false; debug_store_checkout_exceptions -> false]
2019-04-15 19:09:45  [ main:7406 ] - [ INFO ]  Initializing c3p0 pool... com.mchange.v2.c3p0.ComboPooledDataSource [ acquireIncrement -> 3, acquireRetryAttempts -> 30, acquireRetryDelay -> 1000, autoCommitOnClose -> false, automaticTestTable -> null, breakAfterAcquireFailure -> false, checkoutTimeout -> 0, connectionCustomizerClassName -> null, connectionTesterClassName -> com.mchange.v2.c3p0.impl.DefaultConnectionTester, dataSourceName -> 1hge2jya292imi91obraud|14d3bc22, debugUnreturnedConnectionStackTraces -> false, description -> null, driverClass -> com.mysql.jdbc.Driver, factoryClassLocation -> null, forceIgnoreUnresolvedTransactions -> false, identityToken -> 1hge2jya292imi91obraud|14d3bc22, idleConnectionTestPeriod -> 0, initialPoolSize -> 3, jdbcUrl -> jdbc:mysql://localhost:3306/spring_transaction?useUnicode=true&amp;characterEncoding=utf-8, maxAdministrativeTaskTime -> 0, maxConnectionAge -> 0, maxIdleTime -> 0, maxIdleTimeExcessConnections -> 0, maxPoolSize -> 15, maxStatements -> 0, maxStatementsPerConnection -> 0, minPoolSize -> 3, numHelperThreads -> 3, numThreadsAwaitingCheckoutDefaultUser -> 0, preferredTestQuery -> null, properties -> {user=******, password=******}, propertyCycle -> 0, testConnectionOnCheckin -> false, testConnectionOnCheckout -> false, unreturnedConnectionTimeout -> 0, usesTraditionalReflectiveProxies -> false ]
2019-04-15 19:09:45  [ main:7407 ] - [ DEBUG ]  acquire test -- pool size: 0; target_pool_size: 3; desired target? 1
2019-04-15 19:09:45  [ main:7408 ] - [ DEBUG ]  awaitAvailable(): [unknown]
2019-04-15 19:09:45  [ main:7432 ] - [ DEBUG ]  trace com.mchange.v2.resourcepool.BasicResourcePool@44c03695 [managed: 0, unused: 0, excluded: 0]
2019-04-15 19:09:46  [ com.mchange.v2.async.ThreadPoolAsynchronousRunner$PoolThread-#1:7983 ] - [ DEBUG ]  com.mchange.v2.c3p0.impl.C3P0PooledConnectionPool$1PooledConnectionResourcePoolManager@6556e37d.acquireResource() returning. 
2019-04-15 19:09:46  [ com.mchange.v2.async.ThreadPoolAsynchronousRunner$PoolThread-#2:7983 ] - [ DEBUG ]  com.mchange.v2.c3p0.impl.C3P0PooledConnectionPool$1PooledConnectionResourcePoolManager@6556e37d.acquireResource() returning. 
2019-04-15 19:09:46  [ com.mchange.v2.async.ThreadPoolAsynchronousRunner$PoolThread-#0:7983 ] - [ DEBUG ]  com.mchange.v2.c3p0.impl.C3P0PooledConnectionPool$1PooledConnectionResourcePoolManager@6556e37d.acquireResource() returning. 
2019-04-15 19:09:46  [ com.mchange.v2.async.ThreadPoolAsynchronousRunner$PoolThread-#1:7984 ] - [ DEBUG ]  trace com.mchange.v2.resourcepool.BasicResourcePool@44c03695 [managed: 1, unused: 1, excluded: 0]
2019-04-15 19:09:46  [ com.mchange.v2.async.ThreadPoolAsynchronousRunner$PoolThread-#1:7985 ] - [ DEBUG ]  decremented pending_acquires: 2
2019-04-15 19:09:46  [ com.mchange.v2.async.ThreadPoolAsynchronousRunner$PoolThread-#0:7985 ] - [ DEBUG ]  trace com.mchange.v2.resourcepool.BasicResourcePool@44c03695 [managed: 2, unused: 2, excluded: 0] (e.g. com.mchange.v2.c3p0.impl.NewPooledConnection@3b373741)
2019-04-15 19:09:46  [ com.mchange.v2.async.ThreadPoolAsynchronousRunner$PoolThread-#0:7985 ] - [ DEBUG ]  decremented pending_acquires: 1
2019-04-15 19:09:46  [ main:7986 ] - [ DEBUG ]  trace com.mchange.v2.resourcepool.BasicResourcePool@44c03695 [managed: 2, unused: 1, excluded: 0] (e.g. com.mchange.v2.c3p0.impl.NewPooledConnection@3b373741)
2019-04-15 19:09:46  [ com.mchange.v2.async.ThreadPoolAsynchronousRunner$PoolThread-#2:7986 ] - [ DEBUG ]  trace com.mchange.v2.resourcepool.BasicResourcePool@44c03695 [managed: 3, unused: 2, excluded: 0] (e.g. com.mchange.v2.c3p0.impl.NewPooledConnection@3b373741)
2019-04-15 19:09:46  [ com.mchange.v2.async.ThreadPoolAsynchronousRunner$PoolThread-#2:7986 ] - [ DEBUG ]  decremented pending_acquires: 0
2019-04-15 19:09:46  [ main:7986 ] - [ DEBUG ]  Acquired Connection [com.mchange.v2.c3p0.impl.NewProxyConnection@6989da5e] for JDBC transaction
2019-04-15 19:09:46  [ main:7995 ] - [ DEBUG ]  Switching JDBC Connection [com.mchange.v2.c3p0.impl.NewProxyConnection@6989da5e] to manual commit
2019-04-15 19:09:46  [ main:7999 ] - [ DEBUG ]  Executing prepared SQL update
2019-04-15 19:09:46  [ main:8000 ] - [ DEBUG ]  Executing prepared SQL statement [update account set money = money + ? where name = ?]
2019-04-15 19:09:46  [ main:8071 ] - [ DEBUG ]  SQL update affected 1 rows
2019-04-15 19:09:46  [ main:8079 ] - [ DEBUG ]  Initiating transaction rollback on application exception
java.lang.ArithmeticException: / by zero
	at com.imooc.spr_trans.service.AccountServiceImpl$MyT.doInTransactionWithoutResult(AccountServiceImpl.java:33)
	at org.springframework.transaction.support.TransactionCallbackWithoutResult.doInTransaction(TransactionCallbackWithoutResult.java:33)
	at org.springframework.transaction.support.TransactionTemplate.execute(TransactionTemplate.java:130)
	at com.imooc.spr_trans.service.AccountServiceImpl.transter(AccountServiceImpl.java:19)
	at com.imooc.spr_trans.SpringDemo.demo01(SpringDemo.java:17)
	at sun.reflect.NativeMethodAccessorImpl.invoke0(Native Method)
	at sun.reflect.NativeMethodAccessorImpl.invoke(NativeMethodAccessorImpl.java:62)
	at sun.reflect.DelegatingMethodAccessorImpl.invoke(DelegatingMethodAccessorImpl.java:43)
	at java.lang.reflect.Method.invoke(Method.java:498)
	at org.junit.runners.model.FrameworkMethod$1.runReflectiveCall(FrameworkMethod.java:50)
	at org.junit.internal.runners.model.ReflectiveCallable.run(ReflectiveCallable.java:12)
	at org.junit.runners.model.FrameworkMethod.invokeExplosively(FrameworkMethod.java:47)
	at org.junit.internal.runners.statements.InvokeMethod.evaluate(InvokeMethod.java:17)
	at org.springframework.test.context.junit4.statements.RunBeforeTestMethodCallbacks.evaluate(RunBeforeTestMethodCallbacks.java:74)
	at org.springframework.test.context.junit4.statements.RunAfterTestMethodCallbacks.evaluate(RunAfterTestMethodCallbacks.java:83)
	at org.springframework.test.context.junit4.statements.SpringRepeat.evaluate(SpringRepeat.java:72)
	at org.springframework.test.context.junit4.SpringJUnit4ClassRunner.runChild(SpringJUnit4ClassRunner.java:231)
	at org.springframework.test.context.junit4.SpringJUnit4ClassRunner.runChild(SpringJUnit4ClassRunner.java:88)
	at org.junit.runners.ParentRunner$3.run(ParentRunner.java:290)
	at org.junit.runners.ParentRunner$1.schedule(ParentRunner.java:71)
	at org.junit.runners.ParentRunner.runChildren(ParentRunner.java:288)
	at org.junit.runners.ParentRunner.access$000(ParentRunner.java:58)
	at org.junit.runners.ParentRunner$2.evaluate(ParentRunner.java:268)
	at org.springframework.test.context.junit4.statements.RunBeforeTestClassCallbacks.evaluate(RunBeforeTestClassCallbacks.java:61)
	at org.springframework.test.context.junit4.statements.RunAfterTestClassCallbacks.evaluate(RunAfterTestClassCallbacks.java:71)
	at org.junit.runners.ParentRunner.run(ParentRunner.java:363)
	at org.springframework.test.context.junit4.SpringJUnit4ClassRunner.run(SpringJUnit4ClassRunner.java:174)
	at org.junit.runner.JUnitCore.run(JUnitCore.java:137)
	at com.intellij.junit4.JUnit4IdeaTestRunner.startRunnerWithArgs(JUnit4IdeaTestRunner.java:68)
	at com.intellij.rt.execution.junit.IdeaTestRunner$Repeater.startRunnerWithArgs(IdeaTestRunner.java:47)
	at com.intellij.rt.execution.junit.JUnitStarter.prepareStreamsAndStart(JUnitStarter.java:242)
	at com.intellij.rt.execution.junit.JUnitStarter.main(JUnitStarter.java:70)
2019-04-15 19:09:46  [ main:8082 ] - [ DEBUG ]  Initiating transaction rollback
2019-04-15 19:09:46  [ main:8082 ] - [ DEBUG ]  Rolling back JDBC transaction on Connection [com.mchange.v2.c3p0.impl.NewProxyConnection@6989da5e]
2019-04-15 19:09:46  [ main:8099 ] - [ DEBUG ]  Releasing JDBC Connection [com.mchange.v2.c3p0.impl.NewProxyConnection@6989da5e] after transaction
2019-04-15 19:09:46  [ main:8099 ] - [ DEBUG ]  Returning JDBC Connection to DataSource
2019-04-15 19:09:46  [ main:8101 ] - [ DEBUG ]  trace com.mchange.v2.resourcepool.BasicResourcePool@44c03695 [managed: 3, unused: 2, excluded: 0] (e.g. com.mchange.v2.c3p0.impl.NewPooledConnection@3b373741)
2019-04-15 19:09:46  [ main:8102 ] - [ DEBUG ]  After test method: context [[TestContext@17550481 testClass = SpringDemo, testInstance = com.imooc.spr_trans.SpringDemo@735f7ae5, testMethod = demo01@SpringDemo, testException = java.lang.ArithmeticException: / by zero, mergedContextConfiguration = [MergedContextConfiguration@180bc464 testClass = SpringDemo, locations = '{classpath:applicationContext.xml}', classes = '{}', contextInitializerClasses = '[]', activeProfiles = '{}', contextLoader = 'org.springframework.test.context.support.DelegatingSmartContextLoader']]], class dirties context [false], class mode [null], method dirties context [false].
2019-04-15 19:09:46  [ main:8136 ] - [ DEBUG ]  After test class: context [[TestContext@17550481 testClass = SpringDemo, testInstance = [null], testMethod = [null], testException = [null], mergedContextConfiguration = [MergedContextConfiguration@180bc464 testClass = SpringDemo, locations = '{classpath:applicationContext.xml}', classes = '{}', contextInitializerClasses = '[]', activeProfiles = '{}', contextLoader = 'org.springframework.test.context.support.DelegatingSmartContextLoader']]], dirtiesContext [false].
2019-04-15 19:09:46  [ Thread-1:8138 ] - [ INFO ]  Closing org.springframework.context.support.GenericApplicationContext@59e84876: startup date [Mon Apr 15 19:09:39 CST 2019]; root of context hierarchy
2019-04-15 19:09:46  [ Thread-1:8139 ] - [ DEBUG ]  Returning cached instance of singleton bean 'lifecycleProcessor'
2019-04-15 19:09:46  [ Thread-1:8140 ] - [ INFO ]  Destroying singletons in org.springframework.beans.factory.support.DefaultListableBeanFactory@3ecd23d9: defining beans [org.springframework.context.support.PropertySourcesPlaceholderConfigurer#0,dataSource,accountDao,accountService,dsTransactionManager,transactionTemplate,org.springframework.context.annotation.internalConfigurationAnnotationProcessor,org.springframework.context.annotation.internalAutowiredAnnotationProcessor,org.springframework.context.annotation.internalRequiredAnnotationProcessor,org.springframework.context.annotation.internalCommonAnnotationProcessor,org.springframework.context.annotation.ConfigurationClassPostProcessor.importAwareProcessor]; root of factory hierarchy
2019-04-15 19:09:46  [ Thread-1:8140 ] - [ DEBUG ]  Retrieved dependent beans for bean 'accountService': [com.imooc.spr_trans.SpringDemo]
